<?xml version="1.0" encoding="UTF-8"?>
<testsuite name="TestSuite" time="21.881" tests="1" errors="0" skipped="0" failures="0">
  <properties>
    <property name="java.vendor" value="Oracle Corporation"/>
    <property name="localRepository" value="C:\Users\Adrian\.m2\repository"/>
    <property name="sun.java.launcher" value="SUN_STANDARD"/>
    <property name="sun.management.compiler" value="HotSpot 64-Bit Tiered Compilers"/>
    <property name="tests.gridId" value="1"/>
    <property name="tests.testdatabase" value="1"/>
    <property name="os.name" value="Windows 10"/>
    <property name="tests.seleniumIdleTimeout" value="210"/>
    <property name="sun.boot.class.path" value="C:\Program Files\Java\jdk1.8.0_101\jre\lib\resources.jar;C:\Program Files\Java\jdk1.8.0_101\jre\lib\rt.jar;C:\Program Files\Java\jdk1.8.0_101\jre\lib\sunrsasign.jar;C:\Program Files\Java\jdk1.8.0_101\jre\lib\jsse.jar;C:\Program Files\Java\jdk1.8.0_101\jre\lib\jce.jar;C:\Program Files\Java\jdk1.8.0_101\jre\lib\charsets.jar;C:\Program Files\Java\jdk1.8.0_101\jre\lib\jfr.jar;C:\Program Files\Java\jdk1.8.0_101\jre\classes"/>
    <property name="sun.desktop" value="windows"/>
    <property name="java.vm.specification.vendor" value="Oracle Corporation"/>
    <property name="java.runtime.version" value="1.8.0_101-b13"/>
    <property name="user.name" value="Adrian"/>
    <property name="guice.disable.misplaced.annotation.check" value="true"/>
    <property name="idea.launcher.bin.path" value="C:\Program Files (x86)\JetBrains\IntelliJ IDEA Community Edition 2016.2.4\bin"/>
    <property name="user.language" value="es"/>
    <property name="tests.takeInHouseScreenshots" value="1"/>
    <property name="idea.version" value="2016.2.4"/>
    <property name="sun.boot.library.path" value="C:\Program Files\Java\jdk1.8.0_101\jre\bin"/>
    <property name="classworlds.conf" value="C:\Program Files (x86)\JetBrains\IntelliJ IDEA Community Edition 2016.2.4\plugins\maven\lib\maven3\bin\m2.conf"/>
    <property name="tests.seleniumCommandTimeout" value="150"/>
    <property name="java.version" value="1.8.0_101"/>
    <property name="user.timezone" value="America/Montevideo"/>
    <property name="sun.arch.data.model" value="64"/>
    <property name="tests.isCIMachine" value="0"/>
    <property name="java.endorsed.dirs" value="C:\Program Files\Java\jdk1.8.0_101\jre\lib\endorsed"/>
    <property name="sun.cpu.isalist" value="amd64"/>
    <property name="sun.jnu.encoding" value="Cp1252"/>
    <property name="file.encoding.pkg" value="sun.io"/>
    <property name="file.separator" value="\"/>
    <property name="java.specification.name" value="Java Platform API Specification"/>
    <property name="java.class.version" value="52.0"/>
    <property name="user.country" value="ES"/>
    <property name="java.home" value="C:\Program Files\Java\jdk1.8.0_101\jre"/>
    <property name="java.vm.info" value="mixed mode"/>
    <property name="os.version" value="10.0"/>
    <property name="tests.casperJSPath" value="C:\casperjs\bin"/>
    <property name="path.separator" value=";"/>
    <property name="applicationversion" value="notspecified"/>
    <property name="java.vm.version" value="25.101-b13"/>
    <property name="user.variant" value=""/>
    <property name="java.awt.printerjob" value="sun.awt.windows.WPrinterJob"/>
    <property name="sun.io.unicode.encoding" value="UnicodeLittle"/>
    <property name="awt.toolkit" value="sun.awt.windows.WToolkit"/>
    <property name="user.script" value=""/>
    <property name="user.home" value="C:\Users\Adrian"/>
    <property name="java.specification.vendor" value="Oracle Corporation"/>
    <property name="tests.isTesterMachine" value="1"/>
    <property name="java.library.path" value="C:\Program Files\Java\jdk1.8.0_101\bin;C:\WINDOWS\Sun\Java\bin;C:\WINDOWS\system32;C:\WINDOWS;C:\ProgramData\Oracle\Java\javapath;C:\WINDOWS\system32;C:\WINDOWS;C:\WINDOWS\System32\Wbem;C:\WINDOWS\System32\WindowsPowerShell\v1.0\;C:\Program Files (x86)\Skype\Phone\;C:\Program Files\nodejs\;C:\Program Files\Java\jdk1.8.0_101\bin;C:\Users\Adrian\AppData\Local\Android\android-sdk\tools;C:\Users\Adrian\AppData\Local\Android\android-sdk\platform-tools;C:\apache-maven-3.3.9\bin;C:\casperjs\bin;C:\chromedriver;C:\iedriver;C:\Users\Adrian\AppData\Roaming\npm;C:\phantomjs\bin;C:\casperjs\bin;%USERPROFILE%\AppData\Local\Microsoft\WindowsApps;;."/>
    <property name="java.vendor.url" value="http://java.oracle.com/"/>
    <property name="java.vm.vendor" value="Oracle Corporation"/>
    <property name="tests.isGrid" value="1"/>
    <property name="maven.home" value="C:\Program Files (x86)\JetBrains\IntelliJ IDEA Community Edition 2016.2.4\plugins\maven\lib\maven3"/>
    <property name="java.runtime.name" value="Java(TM) SE Runtime Environment"/>
    <property name="sun.java.command" value="com.intellij.rt.execution.application.AppMain org.codehaus.classworlds.Launcher -Didea.version=2016.2.4 clean test -e -Dtests.testnames=Example-Article -Dtests.browserConfigurations=TESTERGRID_WINDOWS_CHROME -Dtests.gridId=1 -Dtests.isGrid=1 -Dtests.isCIMachine=0 -Dtests.isTesterMachine=1 -Dtests.testdatabase=1 -Dtests.takeInHouseScreenshots=1 -Dtests.casperJSPath=C:\casperjs\bin -Dtests.phantomJSPath=C:\phantomjs\bin\phantomjs.exe -Dtests.localBrowserBinaryPath=\phantomjs\bin\phantomjs.exe"/>
    <property name="java.class.path" value="C:\Program Files (x86)\JetBrains\IntelliJ IDEA Community Edition 2016.2.4\plugins\maven\lib\maven3\boot\plexus-classworlds-2.4.jar;C:\Program Files (x86)\JetBrains\IntelliJ IDEA Community Edition 2016.2.4\lib\idea_rt.jar"/>
    <property name="idea.launcher.port" value="7532"/>
    <property name="tests.autDomain" value=".amazon.com/Rolodex-Round-Wastebasket-Diameter-22351/dp/B00006IALF/ref=sr_1_1?ie=UTF8&amp;qid=1474312458&amp;sr=8-1&amp;keywords=Wastebasket"/>
    <property name="java.vm.specification.name" value="Java Virtual Machine Specification"/>
    <property name="java.vm.specification.version" value="1.8"/>
    <property name="sun.cpu.endian" value="little"/>
    <property name="sun.os.patch.level" value=""/>
    <property name="surefire.test.class.path" value="C:\Users\Adrian\Desktop\Jobaline\jobaline-test-me\target\test-classes;C:\Users\Adrian\Desktop\Jobaline\jobaline-test-me\target\classes;C:\Users\Adrian\.m2\repository\org\testng\testng\6.8.8\testng-6.8.8.jar;C:\Users\Adrian\.m2\repository\org\beanshell\bsh\2.0b4\bsh-2.0b4.jar;C:\Users\Adrian\.m2\repository\com\beust\jcommander\1.27\jcommander-1.27.jar;C:\Users\Adrian\.m2\repository\com\sun\jersey\contribs\jersey-multipart\1.19\jersey-multipart-1.19.jar;C:\Users\Adrian\.m2\repository\org\jvnet\mimepull\mimepull\1.9.3\mimepull-1.9.3.jar;C:\Users\Adrian\.m2\repository\com\sun\jersey\jersey-client\1.19\jersey-client-1.19.jar;C:\Users\Adrian\.m2\repository\com\sun\jersey\jersey-core\1.19\jersey-core-1.19.jar;C:\Users\Adrian\.m2\repository\javax\ws\rs\jsr311-api\1.1.1\jsr311-api-1.1.1.jar;C:\Users\Adrian\.m2\repository\com\typesafe\akka\akka-actor_2.11\2.3.9\akka-actor_2.11-2.3.9.jar;C:\Users\Adrian\.m2\repository\org\scala-lang\scala-library\2.11.5\scala-library-2.11.5.jar;C:\Users\Adrian\.m2\repository\com\typesafe\config\1.2.1\config-1.2.1.jar;C:\Users\Adrian\.m2\repository\com\amazonaws\aws-java-sdk\1.9.33\aws-java-sdk-1.9.33.jar;C:\Users\Adrian\.m2\repository\com\amazonaws\aws-java-sdk-support\1.9.33\aws-java-sdk-support-1.9.33.jar;C:\Users\Adrian\.m2\repository\com\amazonaws\aws-java-sdk-simpledb\1.9.33\aws-java-sdk-simpledb-1.9.33.jar;C:\Users\Adrian\.m2\repository\com\amazonaws\aws-java-sdk-simpleworkflow\1.9.33\aws-java-sdk-simpleworkflow-1.9.33.jar;C:\Users\Adrian\.m2\repository\com\amazonaws\aws-java-sdk-storagegateway\1.9.33\aws-java-sdk-storagegateway-1.9.33.jar;C:\Users\Adrian\.m2\repository\com\amazonaws\aws-java-sdk-route53\1.9.33\aws-java-sdk-route53-1.9.33.jar;C:\Users\Adrian\.m2\repository\com\amazonaws\aws-java-sdk-s3\1.9.33\aws-java-sdk-s3-1.9.33.jar;C:\Users\Adrian\.m2\repository\com\amazonaws\aws-java-sdk-importexport\1.9.33\aws-java-sdk-importexport-1.9.33.jar;C:\Users\Adrian\.m2\repository\com\amazonaws\aws-java-sdk-sts\1.9.33\aws-java-sdk-sts-1.9.33.jar;C:\Users\Adrian\.m2\repository\com\amazonaws\aws-java-sdk-sqs\1.9.33\aws-java-sdk-sqs-1.9.33.jar;C:\Users\Adrian\.m2\repository\com\amazonaws\aws-java-sdk-rds\1.9.33\aws-java-sdk-rds-1.9.33.jar;C:\Users\Adrian\.m2\repository\com\amazonaws\aws-java-sdk-redshift\1.9.33\aws-java-sdk-redshift-1.9.33.jar;C:\Users\Adrian\.m2\repository\com\amazonaws\aws-java-sdk-elasticbeanstalk\1.9.33\aws-java-sdk-elasticbeanstalk-1.9.33.jar;C:\Users\Adrian\.m2\repository\com\amazonaws\aws-java-sdk-glacier\1.9.33\aws-java-sdk-glacier-1.9.33.jar;C:\Users\Adrian\.m2\repository\com\amazonaws\aws-java-sdk-iam\1.9.33\aws-java-sdk-iam-1.9.33.jar;C:\Users\Adrian\.m2\repository\com\amazonaws\aws-java-sdk-datapipeline\1.9.33\aws-java-sdk-datapipeline-1.9.33.jar;C:\Users\Adrian\.m2\repository\com\amazonaws\aws-java-sdk-elasticloadbalancing\1.9.33\aws-java-sdk-elasticloadbalancing-1.9.33.jar;C:\Users\Adrian\.m2\repository\com\amazonaws\aws-java-sdk-emr\1.9.33\aws-java-sdk-emr-1.9.33.jar;C:\Users\Adrian\.m2\repository\com\amazonaws\aws-java-sdk-elasticache\1.9.33\aws-java-sdk-elasticache-1.9.33.jar;C:\Users\Adrian\.m2\repository\com\amazonaws\aws-java-sdk-elastictranscoder\1.9.33\aws-java-sdk-elastictranscoder-1.9.33.jar;C:\Users\Adrian\.m2\repository\com\amazonaws\aws-java-sdk-ec2\1.9.33\aws-java-sdk-ec2-1.9.33.jar;C:\Users\Adrian\.m2\repository\com\amazonaws\aws-java-sdk-dynamodb\1.9.33\aws-java-sdk-dynamodb-1.9.33.jar;C:\Users\Adrian\.m2\repository\com\amazonaws\aws-java-sdk-sns\1.9.33\aws-java-sdk-sns-1.9.33.jar;C:\Users\Adrian\.m2\repository\com\amazonaws\aws-java-sdk-cloudtrail\1.9.33\aws-java-sdk-cloudtrail-1.9.33.jar;C:\Users\Adrian\.m2\repository\com\amazonaws\aws-java-sdk-cloudwatch\1.9.33\aws-java-sdk-cloudwatch-1.9.33.jar;C:\Users\Adrian\.m2\repository\com\amazonaws\aws-java-sdk-logs\1.9.33\aws-java-sdk-logs-1.9.33.jar;C:\Users\Adrian\.m2\repository\com\amazonaws\aws-java-sdk-cognitoidentity\1.9.33\aws-java-sdk-cognitoidentity-1.9.33.jar;C:\Users\Adrian\.m2\repository\com\amazonaws\aws-java-sdk-cognitosync\1.9.33\aws-java-sdk-cognitosync-1.9.33.jar;C:\Users\Adrian\.m2\repository\com\amazonaws\aws-java-sdk-directconnect\1.9.33\aws-java-sdk-directconnect-1.9.33.jar;C:\Users\Adrian\.m2\repository\com\amazonaws\aws-java-sdk-cloudformation\1.9.33\aws-java-sdk-cloudformation-1.9.33.jar;C:\Users\Adrian\.m2\repository\com\amazonaws\aws-java-sdk-cloudfront\1.9.33\aws-java-sdk-cloudfront-1.9.33.jar;C:\Users\Adrian\.m2\repository\com\amazonaws\aws-java-sdk-kinesis\1.9.33\aws-java-sdk-kinesis-1.9.33.jar;C:\Users\Adrian\.m2\repository\com\amazonaws\aws-java-sdk-opsworks\1.9.33\aws-java-sdk-opsworks-1.9.33.jar;C:\Users\Adrian\.m2\repository\com\amazonaws\aws-java-sdk-ses\1.9.33\aws-java-sdk-ses-1.9.33.jar;C:\Users\Adrian\.m2\repository\com\amazonaws\aws-java-sdk-autoscaling\1.9.33\aws-java-sdk-autoscaling-1.9.33.jar;C:\Users\Adrian\.m2\repository\com\amazonaws\aws-java-sdk-cloudsearch\1.9.33\aws-java-sdk-cloudsearch-1.9.33.jar;C:\Users\Adrian\.m2\repository\com\amazonaws\aws-java-sdk-cloudwatchmetrics\1.9.33\aws-java-sdk-cloudwatchmetrics-1.9.33.jar;C:\Users\Adrian\.m2\repository\com\amazonaws\aws-java-sdk-swf-libraries\1.9.33\aws-java-sdk-swf-libraries-1.9.33.jar;C:\Users\Adrian\.m2\repository\com\amazonaws\aws-java-sdk-codedeploy\1.9.33\aws-java-sdk-codedeploy-1.9.33.jar;C:\Users\Adrian\.m2\repository\com\amazonaws\aws-java-sdk-kms\1.9.33\aws-java-sdk-kms-1.9.33.jar;C:\Users\Adrian\.m2\repository\com\amazonaws\aws-java-sdk-config\1.9.33\aws-java-sdk-config-1.9.33.jar;C:\Users\Adrian\.m2\repository\com\amazonaws\aws-java-sdk-lambda\1.9.33\aws-java-sdk-lambda-1.9.33.jar;C:\Users\Adrian\.m2\repository\com\amazonaws\aws-java-sdk-ecs\1.9.33\aws-java-sdk-ecs-1.9.33.jar;C:\Users\Adrian\.m2\repository\com\amazonaws\aws-java-sdk-cloudhsm\1.9.33\aws-java-sdk-cloudhsm-1.9.33.jar;C:\Users\Adrian\.m2\repository\com\amazonaws\aws-java-sdk-ssm\1.9.33\aws-java-sdk-ssm-1.9.33.jar;C:\Users\Adrian\.m2\repository\com\amazonaws\aws-java-sdk-workspaces\1.9.33\aws-java-sdk-workspaces-1.9.33.jar;C:\Users\Adrian\.m2\repository\com\amazonaws\aws-java-sdk-machinelearning\1.9.33\aws-java-sdk-machinelearning-1.9.33.jar;C:\Users\Adrian\.m2\repository\com\amazonaws\aws-java-sdk-core\1.9.33\aws-java-sdk-core-1.9.33.jar;C:\Users\Adrian\.m2\repository\com\fasterxml\jackson\core\jackson-databind\2.3.2\jackson-databind-2.3.2.jar;C:\Users\Adrian\.m2\repository\com\fasterxml\jackson\core\jackson-annotations\2.3.0\jackson-annotations-2.3.0.jar;C:\Users\Adrian\.m2\repository\com\fasterxml\jackson\core\jackson-core\2.3.2\jackson-core-2.3.2.jar;C:\Users\Adrian\.m2\repository\joda-time\joda-time\2.9.4\joda-time-2.9.4.jar;C:\Users\Adrian\.m2\repository\org\seleniumhq\selenium\selenium-java\2.53.0\selenium-java-2.53.0.jar;C:\Users\Adrian\.m2\repository\org\seleniumhq\selenium\selenium-chrome-driver\2.53.0\selenium-chrome-driver-2.53.0.jar;C:\Users\Adrian\.m2\repository\org\seleniumhq\selenium\selenium-edge-driver\2.53.0\selenium-edge-driver-2.53.0.jar;C:\Users\Adrian\.m2\repository\commons-io\commons-io\2.4\commons-io-2.4.jar;C:\Users\Adrian\.m2\repository\org\apache\commons\commons-exec\1.3\commons-exec-1.3.jar;C:\Users\Adrian\.m2\repository\org\seleniumhq\selenium\selenium-firefox-driver\2.53.0\selenium-firefox-driver-2.53.0.jar;C:\Users\Adrian\.m2\repository\org\seleniumhq\selenium\selenium-ie-driver\2.53.0\selenium-ie-driver-2.53.0.jar;C:\Users\Adrian\.m2\repository\net\java\dev\jna\jna\4.1.0\jna-4.1.0.jar;C:\Users\Adrian\.m2\repository\net\java\dev\jna\jna-platform\4.1.0\jna-platform-4.1.0.jar;C:\Users\Adrian\.m2\repository\org\seleniumhq\selenium\selenium-safari-driver\2.53.0\selenium-safari-driver-2.53.0.jar;C:\Users\Adrian\.m2\repository\io\netty\netty\3.5.7.Final\netty-3.5.7.Final.jar;C:\Users\Adrian\.m2\repository\org\seleniumhq\selenium\selenium-support\2.53.0\selenium-support-2.53.0.jar;C:\Users\Adrian\.m2\repository\org\seleniumhq\selenium\selenium-leg-rc\2.53.0\selenium-leg-rc-2.53.0.jar;C:\Users\Adrian\.m2\repository\org\apache\httpcomponents\httpclient\4.3.2\httpclient-4.3.2.jar;C:\Users\Adrian\.m2\repository\org\apache\httpcomponents\httpcore\4.3.1\httpcore-4.3.1.jar;C:\Users\Adrian\.m2\repository\commons-logging\commons-logging\1.1.3\commons-logging-1.1.3.jar;C:\Users\Adrian\.m2\repository\commons-codec\commons-codec\1.6\commons-codec-1.6.jar;C:\Users\Adrian\.m2\repository\org\apache\velocity\velocity\1.7\velocity-1.7.jar;C:\Users\Adrian\.m2\repository\commons-collections\commons-collections\3.2.1\commons-collections-3.2.1.jar;C:\Users\Adrian\.m2\repository\commons-lang\commons-lang\2.4\commons-lang-2.4.jar;C:\Users\Adrian\.m2\repository\org\slf4j\slf4j-api\1.6.1\slf4j-api-1.6.1.jar;C:\Users\Adrian\.m2\repository\org\slf4j\slf4j-log4j12\1.6.1\slf4j-log4j12-1.6.1.jar;C:\Users\Adrian\.m2\repository\log4j\log4j\1.2.16\log4j-1.2.16.jar;C:\Users\Adrian\.m2\repository\com\github\detro\phantomjsdriver\1.2.0\phantomjsdriver-1.2.0.jar;C:\Users\Adrian\.m2\repository\org\seleniumhq\selenium\selenium-remote-driver\2.41.0\selenium-remote-driver-2.41.0.jar;C:\Users\Adrian\.m2\repository\cglib\cglib-nodep\2.1_3\cglib-nodep-2.1_3.jar;C:\Users\Adrian\.m2\repository\org\seleniumhq\selenium\selenium-api\2.41.0\selenium-api-2.41.0.jar;C:\Users\Adrian\.m2\repository\com\google\guava\guava\15.0\guava-15.0.jar;C:\Users\Adrian\.m2\repository\net\java\dev\jna\platform\3.4.0\platform-3.4.0.jar;C:\Users\Adrian\.m2\repository\javax\mail\mail\1.4.7\mail-1.4.7.jar;C:\Users\Adrian\.m2\repository\javax\activation\activation\1.1\activation-1.1.jar;C:\Users\Adrian\.m2\repository\mysql\mysql-connector-java\5.1.26\mysql-connector-java-5.1.26.jar;C:\Users\Adrian\.m2\repository\org\mongodb\mongo-java-driver\2.12.4\mongo-java-driver-2.12.4.jar;C:\Users\Adrian\.m2\repository\com\twilio\sdk\twilio-java-sdk\3.6.2\twilio-java-sdk-3.6.2.jar;C:\Users\Adrian\.m2\repository\com\googlecode\json-simple\json-simple\1.1\json-simple-1.1.jar;C:\Users\Adrian\.m2\repository\org\codehaus\jackson\jackson-core-asl\1.9.3\jackson-core-asl-1.9.3.jar;C:\Users\Adrian\.m2\repository\org\codehaus\jackson\jackson-mapper-asl\1.9.3\jackson-mapper-asl-1.9.3.jar;C:\Users\Adrian\.m2\repository\com\plivo\plivo-java\3.0.0\plivo-java-3.0.0.jar;C:\Users\Adrian\.m2\repository\com\google\code\gson\gson\2.2.2\gson-2.2.2.jar;C:\Users\Adrian\.m2\repository\redis\clients\jedis\2.8.0\jedis-2.8.0.jar;C:\Users\Adrian\.m2\repository\org\apache\commons\commons-pool2\2.3\commons-pool2-2.3.jar;C:\Users\Adrian\.m2\repository\commons-validator\commons-validator\1.4.0\commons-validator-1.4.0.jar;C:\Users\Adrian\.m2\repository\commons-beanutils\commons-beanutils\1.8.3\commons-beanutils-1.8.3.jar;C:\Users\Adrian\.m2\repository\commons-digester\commons-digester\1.8\commons-digester-1.8.jar;C:\Users\Adrian\.m2\repository\org\jsoup\jsoup\1.8.3\jsoup-1.8.3.jar;C:\Users\Adrian\.m2\repository\org\json\json\20150729\json-20150729.jar;C:\Users\Adrian\.m2\repository\org\seleniumhq\selenium\selenium-server\2.39.0\selenium-server-2.39.0.jar;C:\Users\Adrian\.m2\repository\org\bouncycastle\bcprov-jdk15on\1.48\bcprov-jdk15on-1.48.jar;C:\Users\Adrian\.m2\repository\org\bouncycastle\bcpkix-jdk15on\1.48\bcpkix-jdk15on-1.48.jar;C:\Users\Adrian\.m2\repository\mx4j\mx4j-tools\3.0.1\mx4j-tools-3.0.1.jar;C:\Users\Adrian\.m2\repository\org\mortbay\jetty\servlet-api-2.5\6.1.9\servlet-api-2.5-6.1.9.jar;C:\Users\Adrian\.m2\repository\org\seleniumhq\selenium\jetty-repacked\7.6.1\jetty-repacked-7.6.1.jar;C:\Users\Adrian\.m2\repository\net\jcip\jcip-annotations\1.0\jcip-annotations-1.0.jar;C:\Users\Adrian\.m2\repository\org\yaml\snakeyaml\1.8\snakeyaml-1.8.jar;C:\Users\Adrian\.m2\repository\org\apache\maven\surefire\surefire-testng-utils\2.17\surefire-testng-utils-2.17.jar;C:\Users\Adrian\.m2\repository\org\apache\maven\surefire\surefire-grouper\2.17\surefire-grouper-2.17.jar;"/>
    <property name="java.io.tmpdir" value="C:\Users\Adrian\AppData\Local\Temp\"/>
    <property name="java.vendor.url.bug" value="http://bugreport.sun.com/bugreport/"/>
    <property name="tests.phantomJSPath" value="C:\phantomjs\bin\phantomjs.exe"/>
    <property name="os.arch" value="amd64"/>
    <property name="java.awt.graphicsenv" value="sun.awt.Win32GraphicsEnvironment"/>
    <property name="tests.seleniumMaxDurationTimeout" value="900"/>
    <property name="java.ext.dirs" value="C:\Program Files\Java\jdk1.8.0_101\jre\lib\ext;C:\WINDOWS\Sun\Java\lib\ext"/>
    <property name="user.dir" value="C:\Users\Adrian\Desktop\Jobaline\jobaline-test-me"/>
    <property name="line.separator" value="&#10;"/>
    <property name="java.vm.name" value="Java HotSpot(TM) 64-Bit Server VM"/>
    <property name="basedir" value="C:\Users\Adrian\Desktop\Jobaline\jobaline-test-me"/>
    <property name="tests.localBrowserBinaryPath" value="\phantomjs\bin\phantomjs.exe"/>
    <property name="file.encoding" value="UTF-8"/>
    <property name="tests.testnames" value="Example-Article"/>
    <property name="org.uncommons.reportng.escape-output" value="false"/>
    <property name="java.specification.version" value="1.8"/>
    <property name="tests.browserConfigurations" value="TESTERGRID_WINDOWS_CHROME"/>
  </properties>
  <testcase name="test" classname="com.jobaline.uiautomation.tests.example.ArticleSmokeTest" time="21.881"/>
</testsuite>