<?xml version="1.0" encoding="UTF-8"?>
<!-- Generated by org.testng.reporters.JUnitReportReporter -->
<testsuite hostname="DESKTOP-FKVV15C" name="com.jobaline.uiautomation.tests.example.ArticleSmokeTest" tests="1" failures="0" timestamp="27 Sep 2016 17:49:39 GMT" time="35.406" errors="0">
  <testcase name="test" time="35.406" classname="com.jobaline.uiautomation.tests.example.ArticleSmokeTest"/>
</testsuite> <!-- com.jobaline.uiautomation.tests.example.ArticleSmokeTest -->
